This is pdfTeX, Version 3.1415926-1.40.10 (TeX Live 2009/Debian) (format=latex 2012.5.6)  19 DEC 2013 19:26
entering extended mode
 %&-line parsing enabled.
**main.tex
(./main.tex
LaTeX2e <2009/09/24>
Babel <v3.8l> and hyphenation patterns for english, usenglishmax, dumylang, noh
yphenation, loaded.
(/usr/share/texmf-texlive/tex/latex/base/article.cls
Document Class: article 2007/10/19 v1.4h Standard LaTeX document class
(/usr/share/texmf-texlive/tex/latex/base/size11.clo
File: size11.clo 2007/10/19 v1.4h Standard LaTeX file (size option)
)
\c@part=\count79
\c@section=\count80
\c@subsection=\count81
\c@subsubsection=\count82
\c@paragraph=\count83
\c@subparagraph=\count84
\c@figure=\count85
\c@table=\count86
\abovecaptionskip=\skip41
\belowcaptionskip=\skip42
\bibindent=\dimen102
)
(/usr/share/texmf-texlive/tex/generic/babel/babel.sty
Package: babel 2008/07/06 v3.8l The Babel package

(/usr/share/texmf-texlive/tex/generic/babel/english.ldf
Language: english 2005/03/30 v3.3o English support from the babel system

(/usr/share/texmf-texlive/tex/generic/babel/babel.def
File: babel.def 2008/07/06 v3.8l Babel common definitions
\babel@savecnt=\count87
\U@D=\dimen103
)
\l@british = a dialect from \language\l@english 
\l@UKenglish = a dialect from \language\l@english 
\l@canadian = a dialect from \language\l@american 
\l@australian = a dialect from \language\l@british 
\l@newzealand = a dialect from \language\l@british 
))
(/usr/share/texmf-texlive/tex/latex/base/inputenc.sty
Package: inputenc 2008/03/30 v1.1d Input encoding file
\inpenc@prehook=\toks14
\inpenc@posthook=\toks15

(/usr/share/texmf-texlive/tex/latex/ucs/utf8x.def
File: utf8x.def 2004/10/17 UCS: Input encoding UTF-8
))
(/usr/share/texmf-texlive/tex/latex/ucs/ucs.sty
Package: ucs 2004/10/17 UCS: Unicode input support

(/usr/share/texmf-texlive/tex/latex/ucs/data/uni-global.def
File: uni-global.def 2004/10/17 UCS: Unicode global data
)
\uc@secondtry=\count88
\uc@combtoks=\toks16
\uc@combtoksb=\toks17
\uc@temptokena=\toks18
)
(/usr/share/texmf-texlive/tex/latex/amsmath/amsmath.sty
Package: amsmath 2000/07/18 v2.13 AMS math features
\@mathmargin=\skip43

For additional information on amsmath, use the `?' option.
(/usr/share/texmf-texlive/tex/latex/amsmath/amstext.sty
Package: amstext 2000/06/29 v2.01

(/usr/share/texmf-texlive/tex/latex/amsmath/amsgen.sty
File: amsgen.sty 1999/11/30 v2.0
\@emptytoks=\toks19
\ex@=\dimen104
))
(/usr/share/texmf-texlive/tex/latex/amsmath/amsbsy.sty
Package: amsbsy 1999/11/29 v1.2d
\pmbraise@=\dimen105
)
(/usr/share/texmf-texlive/tex/latex/amsmath/amsopn.sty
Package: amsopn 1999/12/14 v2.01 operator names
)
\inf@bad=\count89
LaTeX Info: Redefining \frac on input line 211.
\uproot@=\count90
\leftroot@=\count91
LaTeX Info: Redefining \overline on input line 307.
\classnum@=\count92
\DOTSCASE@=\count93
LaTeX Info: Redefining \ldots on input line 379.
LaTeX Info: Redefining \dots on input line 382.
LaTeX Info: Redefining \cdots on input line 467.
\Mathstrutbox@=\box26
\strutbox@=\box27
\big@size=\dimen106
LaTeX Font Info:    Redeclaring font encoding OML on input line 567.
LaTeX Font Info:    Redeclaring font encoding OMS on input line 568.
\macc@depth=\count94
\c@MaxMatrixCols=\count95
\dotsspace@=\muskip10
\c@parentequation=\count96
\dspbrk@lvl=\count97
\tag@help=\toks20
\row@=\count98
\column@=\count99
\maxfields@=\count100
\andhelp@=\toks21
\eqnshift@=\dimen107
\alignsep@=\dimen108
\tagshift@=\dimen109
\tagwidth@=\dimen110
\totwidth@=\dimen111
\lineht@=\dimen112
\@envbody=\toks22
\multlinegap=\skip44
\multlinetaggap=\skip45
\mathdisplay@stack=\toks23
LaTeX Info: Redefining \[ on input line 2666.
LaTeX Info: Redefining \] on input line 2667.
)
(/usr/share/texmf-texlive/tex/latex/graphics/graphicx.sty
Package: graphicx 1999/02/16 v1.0f Enhanced LaTeX Graphics (DPC,SPQR)

(/usr/share/texmf-texlive/tex/latex/graphics/keyval.sty
Package: keyval 1999/03/16 v1.13 key=value parser (DPC)
\KV@toks@=\toks24
)
(/usr/share/texmf-texlive/tex/latex/graphics/graphics.sty
Package: graphics 2009/02/05 v1.0o Standard LaTeX Graphics (DPC,SPQR)

(/usr/share/texmf-texlive/tex/latex/graphics/trig.sty
Package: trig 1999/03/16 v1.09 sin cos tan (DPC)
)
(/etc/texmf/tex/latex/config/graphics.cfg
File: graphics.cfg 2009/08/28 v1.8 graphics configuration of TeX Live
)
Package graphics Info: Driver file: dvips.def on input line 91.

(/usr/share/texmf-texlive/tex/latex/graphics/dvips.def
File: dvips.def 1999/02/16 v3.0i Driver-dependant file (DPC,SPQR)
))
\Gin@req@height=\dimen113
\Gin@req@width=\dimen114
)
(/usr/share/texmf-texlive/tex/latex/geometry/geometry.sty
Package: geometry 2008/12/21 v4.2 Page Geometry

(/usr/share/texmf-texlive/tex/generic/oberdiek/ifpdf.sty
Package: ifpdf 2009/04/10 v2.0 Provides the ifpdf switch (HO)
Package ifpdf Info: pdfTeX in pdf mode not detected.
)
(/usr/share/texmf-texlive/tex/generic/oberdiek/ifvtex.sty
Package: ifvtex 2008/11/04 v1.4 Switches for detecting VTeX and its modes (HO)
Package ifvtex Info: VTeX not detected.
)
\Gm@cnth=\count101
\Gm@cntv=\count102
\c@Gm@tempcnt=\count103
\Gm@bindingoffset=\dimen115
\Gm@wd@mp=\dimen116
\Gm@odd@mp=\dimen117
\Gm@even@mp=\dimen118
\Gm@dimlist=\toks25
)
(/usr/share/texmf-texlive/tex/latex/caption/caption.sty
Package: caption 2009/10/09 v3.1k Customizing captions (AR)

(/usr/share/texmf-texlive/tex/latex/caption/caption3.sty
Package: caption3 2009/10/09 v3.1k caption3 kernel (AR)
\captionmargin=\dimen119
\captionmargin@=\dimen120
\captionwidth=\dimen121
\caption@indent=\dimen122
\caption@parindent=\dimen123
\caption@hangindent=\dimen124
)
\c@ContinuedFloat=\count104
)
(/usr/share/texmf-texlive/tex/latex/caption/subcaption.sty
Package: subcaption 2008/08/31 v1.0b Adding subcaptions (AR)
\c@subfigure=\count105
\c@subtable=\count106
) (./main.aux)
\openout1 = `main.aux'.

LaTeX Font Info:    Checking defaults for OML/cmm/m/it on input line 12.
LaTeX Font Info:    ... okay on input line 12.
LaTeX Font Info:    Checking defaults for T1/cmr/m/n on input line 12.
LaTeX Font Info:    ... okay on input line 12.
LaTeX Font Info:    Checking defaults for OT1/cmr/m/n on input line 12.
LaTeX Font Info:    ... okay on input line 12.
LaTeX Font Info:    Checking defaults for OMS/cmsy/m/n on input line 12.
LaTeX Font Info:    ... okay on input line 12.
LaTeX Font Info:    Checking defaults for OMX/cmex/m/n on input line 12.
LaTeX Font Info:    ... okay on input line 12.
LaTeX Font Info:    Checking defaults for U/cmr/m/n on input line 12.
LaTeX Font Info:    ... okay on input line 12.

(/usr/share/texmf-texlive/tex/latex/ucs/ucsencs.def
File: ucsencs.def 2003/11/29 Fixes to fontencodings LGR, T3
)
*geometry auto-detecting driver*
*geometry detected driver: dvips*
-------------------- Geometry parameters
paper: a4paper
landscape: --
twocolumn: --
twoside: --
asymmetric: --
h-parts: 36.135pt, 525.23788pt, 36.135pt
v-parts: 36.135pt, 772.77686pt, 36.135pt
hmarginratio: --
vmarginratio: --
lines: --
heightrounded: --
bindingoffset: 0.0pt
truedimen: --
includehead: --
includefoot: --
includemp: --
driver: dvips
-------------------- Page layout dimensions and switches
\paperwidth  597.50787pt
\paperheight 845.04684pt
\textwidth  525.23788pt
\textheight 772.77686pt
\oddsidemargin  -36.135pt
\evensidemargin -36.135pt
\topmargin  -73.135pt
\headheight 12.0pt
\headsep    25.0pt
\footskip   30.0pt
\marginparwidth 50.0pt
\marginparsep   10.0pt
\columnsep  10.0pt
\skip\footins  10.0pt plus 4.0pt minus 2.0pt
\hoffset 0.0pt
\voffset 0.0pt
\mag 1000

(1in=72.27pt, 1cm=28.45pt)
-----------------------
Package caption Info: Begin \AtBeginDocument code.
Package caption Info: End \AtBeginDocument code.
[1

]
LaTeX Font Info:    Try loading font information for OMS+cmr on input line 77.
 (/usr/share/texmf-texlive/tex/latex/base/omscmr.fd
File: omscmr.fd 1999/05/25 v2.5h Standard LaTeX font definitions
)
LaTeX Font Info:    Font shape `OMS/cmr/m/n' in size <10.95> not available
(Font)              Font shape `OMS/cmsy/m/n' tried instead on input line 77.

(/usr/share/texmf-texlive/tex/latex/ucs/data/uni-32.def
File: uni-32.def 2004/10/17 UCS: Unicode data U+2000..U+20FF
) [2]

Package caption Warning: \label before \caption on input line 109.
See the caption package documentation for explanation.


LaTeX Warning: Reference `fig:CxyCyxVL' on page 3 undefined on input line 106.

File: CxyCyxVL.eps Graphic file (type eps)
<CxyCyxVL.eps>

Package caption Warning: \label before \caption on input line 119.
See the caption package documentation for explanation.


LaTeX Warning: Reference `fig:CxyCyxVE' on page 3 undefined on input line 115.


Package caption Warning: \label before \caption on input line 124.
See the caption package documentation for explanation.


LaTeX Warning: Reference `fig:CxyCyxVtau' on page 3 undefined on input line 115
.

File: CxyCyxVE.eps Graphic file (type eps)
<CxyCyxVE.eps>
Overfull \hbox (15.70287pt too wide) in paragraph at lines 120--121
[][] 
 []


Underfull \hbox (badness 10000) in paragraph at lines 121--121
[]\OT1/cmr/m/n/10 (a) |$[] =
 []


Underfull \hbox (badness 2073) in paragraph at lines 121--121
[]$ \OT1/cmr/m/n/10 with $\OML/cmm/m/it/10 ^^\ \OT1/cmr/m/n/10 = 1$ and
 []

File: CxyCyxVtau.eps Graphic file (type eps)
<CxyCyxVtau.eps>
Overfull \hbox (15.70287pt too wide) in paragraph at lines 125--126
[][] 
 []


Underfull \hbox (badness 10000) in paragraph at lines 126--126
[]\OT1/cmr/m/n/10 (b) |$[] =
 []


Underfull \hbox (badness 1590) in paragraph at lines 126--126
[]$ \OT1/cmr/m/n/10 with $\OML/cmm/m/it/10 E \OT1/cmr/m/n/10 = 2$ and
 []

[3]

Package caption Warning: \label before \caption on input line 135.
See the caption package documentation for explanation.


LaTeX Warning: Reference `fig:CxyCyxVByx_raw' on page 4 undefined on input line
 131.


Package caption Warning: \label before \caption on input line 140.
See the caption package documentation for explanation.


LaTeX Warning: Reference `fig:CxyCyxVByx_diff' on page 4 undefined on input lin
e 131.

File: CxyCyxVByx_raw.eps Graphic file (type eps)
<CxyCyxVByx_raw.eps>
Overfull \hbox (15.70287pt too wide) in paragraph at lines 136--137
[][] 
 []


Underfull \hbox (badness 10000) in paragraph at lines 137--137
[]\OT1/cmr/m/n/10 (a) |$[] =
 []

File: CxyCyxVByx_diff.eps Graphic file (type eps)
<CxyCyxVByx_diff.eps>
Overfull \hbox (15.70287pt too wide) in paragraph at lines 141--142
[][] 
 []


Underfull \hbox (badness 10000) in paragraph at lines 142--142
[]\OT1/cmr/m/n/10 (b) |$[] =
 []


Package caption Warning: \label before \caption on input line 149.
See the caption package documentation for explanation.


LaTeX Warning: Reference `fig:CxyCyxVByxBxy_diff' on page 4 undefined on input 
line 146.

File: CxyCyxVByxBxy_diff.eps Graphic file (type eps)
<CxyCyxVByxBxy_diff.eps> [4]

Package caption Warning: \label before \caption on input line 180.
See the caption package documentation for explanation.


LaTeX Warning: Reference `fig:autocorrSug' on page 5 undefined on input line 17
7.

File: autocorrSug.eps Graphic file (type eps)
<autocorrSug.eps>

Package caption Warning: \label before \caption on input line 188.
See the caption package documentation for explanation.


LaTeX Warning: Reference `fig:SugDeltavE' on page 5 undefined on input line 184
.

File: SugDeltavE.eps Graphic file (type eps)
<SugDeltavE.eps>
Overfull \hbox (15.70287pt too wide) in paragraph at lines 189--190
[][] 
 []


Underfull \hbox (badness 10000) in paragraph at lines 190--190
[]\OT1/cmr/m/n/10 (a) |$[] =
 []

File: SugDeltavEandL.eps Graphic file (type eps)
<SugDeltavEandL.eps>
Overfull \hbox (15.70287pt too wide) in paragraph at lines 194--195
[][] 
 []


Underfull \hbox (badness 10000) in paragraph at lines 195--195
[]\OT1/cmr/m/n/10 (b) |$[] =
 []


Package caption Warning: \label before \caption on input line 193.
See the caption package documentation for explanation.


LaTeX Warning: Reference `fig:SugDeltavEandL' on page 5 undefined on input line
 199.

[5]

Package caption Warning: \label before \caption on input line 204.
See the caption package documentation for explanation.


LaTeX Warning: Reference `fig:SugExVaryE' on page 6 undefined on input line 201
.

File: SugExVaryE.eps Graphic file (type eps)
<SugExVaryE.eps>

Package caption Warning: \label before \caption on input line 214.
See the caption package documentation for explanation.


LaTeX Warning: Reference `fig:SugEx2VaryE' on page 6 undefined on input line 21
0.

File: SugEx2VaryE.eps Graphic file (type eps)
<SugEx2VaryE.eps>
Overfull \hbox (15.70287pt too wide) in paragraph at lines 215--216
[][] 
 []


Underfull \hbox (badness 10000) in paragraph at lines 216--216
[]\OT1/cmr/m/n/10 (a) |$[] =
 []

File: SugEx2VaryEauto.eps Graphic file (type eps)
<SugEx2VaryEauto.eps>
Overfull \hbox (15.70287pt too wide) in paragraph at lines 220--221
[][] 
 []


Underfull \hbox (badness 10000) in paragraph at lines 221--221
[]\OT1/cmr/m/n/10 (b) |$[] =
 []


Package caption Warning: \label before \caption on input line 219.
See the caption package documentation for explanation.


LaTeX Warning: Reference `fig:SugEx2VaryEauto' on page 6 undefined on input lin
e 225.

[6] [7]

LaTeX Warning: Reference `fig:SugExNN1vTvd' on page 8 undefined on input line 2
49.


Package caption Warning: \label before \caption on input line 255.
See the caption package documentation for explanation.


LaTeX Warning: Reference `fig:SugExvTauXY' on page 8 undefined on input line 25
1.


Package caption Warning: \label before \caption on input line 260.
See the caption package documentation for explanation.


LaTeX Warning: Reference `fig:SugExvTauXvTauY' on page 8 undefined on input lin
e 251.

File: SugExvTauXY.eps Graphic file (type eps)
<SugExvTauXY.eps>
Overfull \hbox (15.70287pt too wide) in paragraph at lines 256--257
[][] 
 []


Underfull \hbox (badness 10000) in paragraph at lines 257--257
[]\OT1/cmr/m/n/10 (a) |$[] =
 []

File: SugExvTauXvTauY.eps Graphic file (type eps)
<SugExvTauXvTauY.eps>
Overfull \hbox (15.70287pt too wide) in paragraph at lines 261--262
[][] 
 []


Underfull \hbox (badness 10000) in paragraph at lines 262--262
[]\OT1/cmr/m/n/10 (b) |$[] =
 []


Package caption Warning: \label before \caption on input line 270.
See the caption package documentation for explanation.


LaTeX Warning: Reference `fig:SugEx2vTauXY' on page 8 undefined on input line 2
66.


Package caption Warning: \label before \caption on input line 275.
See the caption package documentation for explanation.


LaTeX Warning: Reference `fig:SugEx2vTauXvTauY' on page 8 undefined on input li
ne 266.

File: SugEx2vTauXY.eps Graphic file (type eps)
<SugEx2vTauXY.eps>
Overfull \hbox (15.70287pt too wide) in paragraph at lines 271--272
[][] 
 []


Underfull \hbox (badness 10000) in paragraph at lines 272--272
[]\OT1/cmr/m/n/10 (a) |$[] =
 []


Underfull \hbox (badness 10000) in paragraph at lines 272--272
[]$ \OT1/cmr/m/n/10 and $[] =
 []

File: SugEx2vTauXvTauY.eps Graphic file (type eps)
<SugEx2vTauXvTauY.eps>
Overfull \hbox (15.70287pt too wide) in paragraph at lines 276--277
[][] 
 []


Underfull \hbox (badness 10000) in paragraph at lines 277--277
[]\OT1/cmr/m/n/10 (b) |$[] =
 []


Underfull \hbox (badness 10000) in paragraph at lines 277--277
[]$ \OT1/cmr/m/n/10 and $[] =
 []


Package caption Warning: \label before \caption on input line 287.
See the caption package documentation for explanation.


LaTeX Warning: Reference `fig:SugEx2vEdimvTau' on page 8 undefined on input lin
e 283.


Package caption Warning: \label before \caption on input line 287.
See the caption package documentation for explanation.


LaTeX Warning: Reference `fig:SugEx2vEdimvTau' on page 8 undefined on input lin
e 283.

File: SugEx2vEdimvTau.eps Graphic file (type eps)
<SugEx2vEdimvTau.eps>
Overfull \hbox (15.70287pt too wide) in paragraph at lines 288--289
[][] 
 []


Underfull \hbox (badness 10000) in paragraph at lines 289--289
[]\OT1/cmr/m/n/10 (a) |$[] =
 []

File: SugEx1vEdimvTau.eps Graphic file (type eps)
<SugEx1vEdimvTau.eps>
Overfull \hbox (15.70287pt too wide) in paragraph at lines 293--294
[][] 
 []


Underfull \hbox (badness 10000) in paragraph at lines 294--294
[]\OT1/cmr/m/n/10 (b) |$[] =
 []


Underfull \hbox (badness 2205) in paragraph at lines 294--294
[]$ \OT1/cmr/m/n/10 and $[] = []$
 []

[8]

Package caption Warning: \label before \caption on input line 303.
See the caption package documentation for explanation.


LaTeX Warning: Reference `fig:SugExvEdimvByx' on page 9 undefined on input line
 300.

File: SugExvEdimvByx.eps Graphic file (type eps)
<SugExvEdimvByx.eps>
Overfull \hbox (53.32681pt too wide) in paragraph at lines 304--305
 [][] 
 []

[9]
Overfull \hbox (24.49535pt too wide) detected at line 330
\OML/cmm/m/it/10.95 X\OT1/cmr/m/n/10.95 (\OML/cmm/m/it/10.95 t\OT1/cmr/m/n/10.9
5 ) \OMS/cmsy/m/n/10.95 ^^@ \OML/cmm/m/it/10.95 X\OT1/cmr/m/n/10.95 (\OML/cmm/m
/it/10.95 t \OMS/cmsy/m/n/10.95 ^^@ \OT1/cmr/m/n/10.95 1) = \OML/cmm/m/it/10.95
 r[] [] \OT1/cmr/m/n/10.95 + \OML/cmm/m/it/10.95 ^^L[] []
 []


Package caption Warning: \label before \caption on input line 342.
See the caption package documentation for explanation.


LaTeX Warning: Reference `fig:TwoPopDynvLL' on page 10 undefined on input line 
339.

File: TwoPopDynvLL.eps Graphic file (type eps)
<TwoPopDynvLL.eps> [10]
Overfull \hbox (10.05434pt too wide) in paragraph at lines 347--348
[] \OT1/cmr/m/n/10.95 = []$ and $[] = []$
 []


Overfull \hbox (105.44879pt too wide) in paragraph at lines 347--348
\OT1/cmr/m/n/10.95 cause the sys-tem to di-verge and oc-curred within a 100 sam
-ples given the sam-pling pa-ram-e-ters of $[] =
 []

File: TwoPopDynSampFig1.eps Graphic file (type eps)
<TwoPopDynSampFig1.eps>
Overfull \hbox (15.70287pt too wide) in paragraph at lines 354--355
[][] 
 []


Underfull \hbox (badness 10000) in paragraph at lines 355--355
[]\OT1/cmr/m/n/10 (a) |3000 sam-ples with
 []


Underfull \hbox (badness 10000) in paragraph at lines 355--355
[] \OT1/cmr/m/n/10 =
 []


Underfull \hbox (badness 10000) in paragraph at lines 355--355
[]$ \OT1/cmr/m/n/10 and
 []

File: TwoPopDynSampFig1_10000.eps Graphic file (type eps)
<TwoPopDynSampFig1_10000.eps>
Overfull \hbox (15.70287pt too wide) in paragraph at lines 359--360
[][] 
 []

[11]

Package caption Warning: \label before \caption on input line 384.
See the caption package documentation for explanation.


LaTeX Warning: Reference `fig:RL_trigsignals' on page 12 undefined on input lin
e 380.


Package caption Warning: \label before \caption on input line 389.
See the caption package documentation for explanation.


LaTeX Warning: Reference `fig:RL_trigsignalsCCM' on page 12 undefined on input 
line 380.

File: RL_trigsignals.eps Graphic file (type eps)
<RL_trigsignals.eps>
Overfull \hbox (15.70287pt too wide) in paragraph at lines 385--386
[][] 
 []

File: RL_trigsignalsCCM.eps Graphic file (type eps)
<RL_trigsignalsCCM.eps>
Overfull \hbox (15.70287pt too wide) in paragraph at lines 390--391
[][] 
 []


Package caption Warning: \label before \caption on input line 401.
See the caption package documentation for explanation.


LaTeX Warning: Reference `fig:RL_sinsignals' on page 12 undefined on input line
 397.


Package caption Warning: \label before \caption on input line 406.
See the caption package documentation for explanation.


LaTeX Warning: Reference `fig:RL_sinsignalsCCM' on page 12 undefined on input l
ine 397.

File: RL_sinsignals.eps Graphic file (type eps)
<RL_sinsignals.eps>
Overfull \hbox (15.70287pt too wide) in paragraph at lines 402--403
[][] 
 []

File: RL_sinsignalsCCM.eps Graphic file (type eps)
<RL_sinsignalsCCM.eps>
Overfull \hbox (15.70287pt too wide) in paragraph at lines 407--408
[][] 
 []


LaTeX Warning: Reference `fig:RL_randsignals' on page 12 undefined on input lin
e 413.


Package caption Warning: \label before \caption on input line 422.
See the caption package documentation for explanation.


LaTeX Warning: Reference `fig:RL_randsignalsCCM' on page 12 undefined on input 
line 413.

File: RL_randsignals.eps Graphic file (type eps)
<RL_randsignals.eps>
Overfull \hbox (15.70287pt too wide) in paragraph at lines 418--419
[][] 
 []

File: RL_randsignalsCCM.eps Graphic file (type eps)
<RL_randsignalsCCM.eps>
Overfull \hbox (15.70287pt too wide) in paragraph at lines 423--424
[][] 
 []

[12] [13] [14] (./main.aux)

LaTeX Warning: There were undefined references.

 ) 
Here is how much of TeX's memory you used:
 3495 strings out of 495062
 50627 string characters out of 1182645
 135423 words of memory out of 3000000
 6619 multiletter control sequences out of 15000+50000
 13362 words of font info for 48 fonts, out of 3000000 for 9000
 28 hyphenation exceptions out of 8191
 36i,9n,38p,1482b,461s stack positions out of 5000i,500n,10000p,200000b,50000s

Output written on main.dvi (14 pages, 62980 bytes).
